<?xml version="1.0" encoding="UTF-8" ?>
<testsuites errors="1"
            failures="1"
            tests="1">

  <testsuite name="local"
    errors="1" failures="1" hostname="" id="" package="local" skipped="0"
    tests="1" time="5.136" timestamp="">
  
    <testcase name="Demo test ecosia.org" classname="local" time="5.136" assertions="2">

      <failure message="Testing if element &lt;input[data-testid=email-input]&gt; is visible in 5000ms - expected &#34;is visible&#34; but got: &#34;element could not be located&#34; (5083ms)">    at DescribeInstance.&lt;anonymous&gt; (/home/pp/Documents/Eu/portfolio/src/__tests__/local.ts:9:17)
    at processTicksAndRejections (internal/process/task_queues.js:93:5)</failure>

    
    <error message="Error while running &#34;visible&#34; command: Testing if element [0;33m&lt;input[data-testid=email-input]&gt;[0m is visible in 5000ms - expected [0;32m&#34;is visible&#34;[0m but got: [0;31m&#34;element could not be located&#34;[0m [0;90m(5083ms)[0m" type="error"><![CDATA[
        at DescribeInstance.&lt;anonymous&gt; (/home/pp/Documents/Eu/portfolio/src/__tests__/local.ts:9:17)
    at processTicksAndRejections (internal/process/task_queues.js:93:5)
    ]]></error>
    
    </testcase>
  

  
    <system-err>
        NoSuchElementError: An error occurred while running .isVisible() command on &lt;input[data-testid=email-input]&gt;: 
   {&#34;value&#34;:[]}
       at processTicksAndRejections (internal/process/task_queues.js:93:5)
    </system-err>
  

    

  
  </testsuite>
</testsuites>
